2026-03-22 11:54:36,175 [INFO] Activator:176 - 


2026-03-22 11:54:36,175 [INFO] Activator:177 - !SESSION log4j initialized
2026-03-22 11:54:37,849 [INFO] LogOutputStream:77 - [STDOUT_REDIRECT] 
2026-03-22 11:54:38,971 [INFO] ApplicationProperties:184 - Using Application install path: C:\ST\STM32CubeIDE_1.17.0\STM32CubeIDE\plugins\com.st.stm32cube.common.mx_6.13.0.202411220809
2026-03-22 11:54:38,981 [INFO] DbMcusXml:78 - Set database path to: C:\ST\STM32CubeIDE_1.17.0\STM32CubeIDE\plugins\com.st.stm32cube.common.mx_6.13.0.202411220809\\db\/mcu/
2026-03-22 11:54:38,981 [INFO] ApiDb:274 - Set plugin database path to: C:\ST\STM32CubeIDE_1.17.0\STM32CubeIDE\plugins\com.st.stm32cube.common.mx_6.13.0.202411220809\\db\/plugins/boardmanager/
2026-03-22 11:54:38,981 [WARN] ApiDb:259 - Overriding images path with different value:  => C:\ST\STM32CubeIDE_1.17.0\STM32CubeIDE\plugins\com.st.stm32cube.common.mx_6.13.0.202411220809\\db\/plugins/mcufinder/images/
2026-03-22 11:54:38,984 [INFO] ApiDb:250 - Set database path to: C:\Users\RuKuM\.stmcufinder\plugins\mcufinder//mcu/
2026-03-22 11:54:38,985 [INFO] DbMcusAds:125 - Set database path to: C:\Users\RuKuM\.stmcufinder\plugins\mcufinder//mcu/
2026-03-22 11:54:38,985 [INFO] CrossReferenceDbSqlite:203 - Set database path to: C:\Users\RuKuM\.stmcufinder\plugins\mcufinder//mcu/cs/
2026-03-22 11:54:39,025 [INFO] RulesReader:64 - Compatibility file has been processed (297 Rules)
2026-03-22 11:54:39,073 [INFO] DbMcusXml:78 - Set database path to: C:\ST\STM32CubeIDE_1.17.0\STM32CubeIDE\plugins\com.st.stm32cube.common.mx_6.13.0.202411220809\\db\/mcu/
2026-03-22 11:54:39,073 [INFO] ApiDb:274 - Set plugin database path to: C:\ST\STM32CubeIDE_1.17.0\STM32CubeIDE\plugins\com.st.stm32cube.common.mx_6.13.0.202411220809\\db\/plugins/boardmanager/
2026-03-22 11:54:39,074 [INFO] ApiDb:261 - Set plugin images path to: C:\ST\STM32CubeIDE_1.17.0\STM32CubeIDE\plugins\com.st.stm32cube.common.mx_6.13.0.202411220809\\db\/plugins/mcufinder/images/
2026-03-22 11:54:39,074 [WARN] DbFile:41 - Overriding database path with different value: C:\Users\RuKuM\.stmcufinder\plugins\mcufinder/ => C:\Users\RuKuM\.stmcufinder\plugins\mcufinder
2026-03-22 11:54:39,074 [INFO] ApiDb:250 - Set database path to: C:\Users\RuKuM\.stmcufinder\plugins\mcufinder//mcu/
2026-03-22 11:54:39,074 [WARN] DbFile:41 - Overriding database path with different value: C:\Users\RuKuM\.stmcufinder\plugins\mcufinder/ => C:\Users\RuKuM\.stmcufinder\plugins\mcufinder
2026-03-22 11:54:39,074 [INFO] DbMcusAds:125 - Set database path to: C:\Users\RuKuM\.stmcufinder\plugins\mcufinder//mcu/
2026-03-22 11:54:39,074 [WARN] DbFile:41 - Overriding database path with different value: C:\Users\RuKuM\.stmcufinder\plugins\mcufinder/ => C:\Users\RuKuM\.stmcufinder\plugins\mcufinder
2026-03-22 11:54:39,074 [WARN] DbFile:41 - Overriding database path with different value: C:\Users\RuKuM\.stmcufinder\plugins\mcufinder/ => C:\Users\RuKuM\.stmcufinder\plugins\mcufinder
2026-03-22 11:54:39,074 [INFO] CrossReferenceDbSqlite:203 - Set database path to: C:\Users\RuKuM\.stmcufinder\plugins\mcufinder//mcu/cs/
2026-03-22 11:54:39,125 [INFO] MainPanel:272 - HeapMemory: 306184192
2026-03-22 11:54:39,161 [INFO] DbMcusXml:78 - Set database path to: C:\ST\STM32CubeIDE_1.17.0\STM32CubeIDE\plugins\com.st.stm32cube.common.mx_6.13.0.202411220809\\db\/mcu/
2026-03-22 11:54:39,161 [INFO] ApiDb:274 - Set plugin database path to: C:\ST\STM32CubeIDE_1.17.0\STM32CubeIDE\plugins\com.st.stm32cube.common.mx_6.13.0.202411220809\\db\/plugins/boardmanager/
2026-03-22 11:54:39,161 [INFO] ApiDb:261 - Set plugin images path to: C:\ST\STM32CubeIDE_1.17.0\STM32CubeIDE\plugins\com.st.stm32cube.common.mx_6.13.0.202411220809\\db\/plugins/mcufinder/images/
2026-03-22 11:54:39,161 [WARN] DbFile:41 - Overriding database path with different value: C:\Users\RuKuM\.stmcufinder\plugins\mcufinder/ => C:\Users\RuKuM\.stmcufinder\plugins\mcufinder
2026-03-22 11:54:39,161 [INFO] ApiDb:250 - Set database path to: C:\Users\RuKuM\.stmcufinder\plugins\mcufinder//mcu/
2026-03-22 11:54:39,161 [WARN] DbFile:41 - Overriding database path with different value: C:\Users\RuKuM\.stmcufinder\plugins\mcufinder/ => C:\Users\RuKuM\.stmcufinder\plugins\mcufinder
2026-03-22 11:54:39,161 [INFO] DbMcusAds:125 - Set database path to: C:\Users\RuKuM\.stmcufinder\plugins\mcufinder//mcu/
2026-03-22 11:54:39,161 [WARN] DbFile:41 - Overriding database path with different value: C:\Users\RuKuM\.stmcufinder\plugins\mcufinder/ => C:\Users\RuKuM\.stmcufinder\plugins\mcufinder
2026-03-22 11:54:39,161 [WARN] DbFile:41 - Overriding database path with different value: C:\Users\RuKuM\.stmcufinder\plugins\mcufinder/ => C:\Users\RuKuM\.stmcufinder\plugins\mcufinder
2026-03-22 11:54:39,161 [INFO] CrossReferenceDbSqlite:203 - Set database path to: C:\Users\RuKuM\.stmcufinder\plugins\mcufinder//mcu/cs/
2026-03-22 11:54:39,170 [INFO] ApplicationProperties:184 - Using Application install path: C:\ST\STM32CubeIDE_1.17.0\STM32CubeIDE\plugins\com.st.stm32cube.common.mx_6.13.0.202411220809
2026-03-22 11:54:39,170 [INFO] PluginManage:196 - Search for loadable plugins [exclusion list=, ]
2026-03-22 11:54:39,171 [INFO] PluginManage:310 - Check plugin analytics
2026-03-22 11:54:39,262 [INFO] AnalyticsPlugin:253 - Accepted Software Licenses: 
2026-03-22 11:54:39,262 [INFO] AnalyticsPlugin:255 - Accepted CMSIS Pack Licenses: 
2026-03-22 11:54:39,262 [INFO] AnalyticsPlugin:257 - Accepted Firmware Licenses: FW.H7.1.12.0
2026-03-22 11:54:39,265 [INFO] PluginManage:359 - Loaded plugin analytics (category:tool,tabindex:-1)
2026-03-22 11:54:39,265 [INFO] PluginManage:310 - Check plugin cadmodel
2026-03-22 11:54:39,269 [INFO] CADModel:105 - Init CAD model plugin
2026-03-22 11:54:39,269 [INFO] PluginManage:359 - Loaded plugin cadmodel (category:power,tabindex:5)
2026-03-22 11:54:39,269 [INFO] PluginManage:310 - Check plugin clock
2026-03-22 11:54:39,275 [INFO] PluginManage:359 - Loaded plugin clock (category:base,tabindex:2)
2026-03-22 11:54:39,275 [INFO] PluginManage:310 - Check plugin ddr
2026-03-22 11:54:39,277 [INFO] PluginManage:359 - Loaded plugin ddr (category:tool,tabindex:6)
2026-03-22 11:54:39,277 [INFO] PluginManage:310 - Check plugin filemanager
2026-03-22 11:54:39,324 [INFO] PluginManage:359 - Loaded plugin filemanager (category:base,tabindex:10)
2026-03-22 11:54:39,324 [INFO] PluginManage:310 - Check plugin ipmanager
2026-03-22 11:54:39,328 [INFO] PluginManage:359 - Loaded plugin ipmanager (category:base,tabindex:5)
2026-03-22 11:54:39,328 [INFO] PluginManage:310 - Check plugin lpbam
2026-03-22 11:54:39,329 [INFO] PluginManage:359 - Loaded plugin lpbam (category:base,tabindex:0)
2026-03-22 11:54:39,329 [INFO] PluginManage:310 - Check plugin memorymap
2026-03-22 11:54:39,333 [INFO] PluginManage:359 - Loaded plugin memorymap (category:base,tabindex:4)
2026-03-22 11:54:39,333 [INFO] PluginManage:310 - Check plugin pinoutandconfiguration
2026-03-22 11:54:39,335 [INFO] PluginManage:359 - Loaded plugin pinoutandconfiguration (category:base,tabindex:1)
2026-03-22 11:54:39,336 [INFO] PluginManage:310 - Check plugin pinoutconfig
2026-03-22 11:54:39,362 [WARN] SupportedApi:132 - Cannot load RTOS API schema: s4s-elt-must-match.1: The content of 'definitions' must match (annotation?, (simpleType | complexType)?, (unique | key | keyref)*)). A problem was found starting at: attribute.
2026-03-22 11:54:39,409 [INFO] PluginManage:359 - Loaded plugin pinoutconfig (category:base,tabindex:0)
2026-03-22 11:54:39,410 [INFO] PluginManage:310 - Check plugin power
2026-03-22 11:54:39,414 [INFO] PluginManage:359 - Loaded plugin power (category:power,tabindex:4)
2026-03-22 11:54:39,414 [INFO] PluginManage:310 - Check plugin projectmanager
2026-03-22 11:54:39,421 [INFO] PluginManage:359 - Loaded plugin projectmanager (category:projectmanager,tabindex:4)
2026-03-22 11:54:39,422 [INFO] PluginManage:310 - Check plugin rif
2026-03-22 11:54:39,423 [INFO] PluginManage:359 - Loaded plugin rif (category:base,tabindex:3)
2026-03-22 11:54:39,423 [INFO] PluginManage:310 - Check plugin thirdparty
2026-03-22 11:54:39,493 [WARN] IntegrityCheckThread:84 - waiting for thirdparty lock release [integrity check]
2026-03-22 11:54:39,494 [INFO] IntegrityCheckThread:86 - entering critical section [integrity check]
2026-03-22 11:54:39,494 [INFO] PluginManage:359 - Loaded plugin thirdparty (category:base,tabindex:-1)
2026-03-22 11:54:39,494 [INFO] ThirdPartyUpdaterWithRetryManager:70 - Updater plugin not ready yet. [1/15]
2026-03-22 11:54:39,494 [INFO] PluginManage:310 - Check plugin tools
2026-03-22 11:54:39,496 [INFO] PluginManage:359 - Loaded plugin tools (category:base,tabindex:7)
2026-03-22 11:54:39,496 [INFO] PluginManage:310 - Check plugin tutovideos
2026-03-22 11:54:39,548 [INFO] PluginManage:359 - Loaded plugin tutovideos (category:base,tabindex:-1)
2026-03-22 11:54:39,548 [INFO] PluginManage:310 - Check plugin updater
2026-03-22 11:54:39,562 [INFO] PluginManage:359 - Loaded plugin updater (category:base,tabindex:12)
2026-03-22 11:54:39,562 [INFO] PluginManage:310 - Check plugin userauth
2026-03-22 11:54:39,567 [INFO] UserAuth:118 - Init User Auth plugin
2026-03-22 11:54:39,567 [INFO] PluginManage:359 - Loaded plugin userauth (category:base,tabindex:14)
2026-03-22 11:54:39,568 [INFO] PluginManage:283 - PluginManage : Loaded plugins [18]
2026-03-22 11:54:39,669 [INFO] PinOutPanel:1589 - setPackage(No Configuration,No Configuration)
2026-03-22 11:54:39,713 [INFO] CADModel:165 - CPN selected for project level
2026-03-22 11:54:39,713 [INFO] CADModel:114 - Register for checkConnection events
2026-03-22 11:54:39,716 [INFO] IPUIPlugin:80 - create IPUIPlugin
2026-03-22 11:54:39,716 [INFO] PluginManager:220 - loadIPPluginJar : add adc
2026-03-22 11:54:39,718 [INFO] IPUIPlugin:80 - create IPUIPlugin
2026-03-22 11:54:39,718 [INFO] PluginManager:220 - loadIPPluginJar : add aes
2026-03-22 11:54:39,719 [INFO] IPUIPlugin:80 - create IPUIPlugin
2026-03-22 11:54:39,719 [INFO] PluginManager:220 - loadIPPluginJar : add can
2026-03-22 11:54:39,720 [INFO] IPUIPlugin:80 - create IPUIPlugin
2026-03-22 11:54:39,720 [INFO] PluginManager:220 - loadIPPluginJar : add comp
2026-03-22 11:54:39,721 [INFO] IPUIPlugin:80 - create IPUIPlugin
2026-03-22 11:54:39,721 [INFO] PluginManager:220 - loadIPPluginJar : add cryp
2026-03-22 11:54:39,722 [INFO] IPUIPlugin:80 - create IPUIPlugin
2026-03-22 11:54:39,722 [INFO] PluginManager:220 - loadIPPluginJar : add ddr_ctrl_phy
2026-03-22 11:54:39,722 [INFO] IPUIPlugin:80 - create IPUIPlugin
2026-03-22 11:54:39,722 [INFO] PluginManager:220 - loadIPPluginJar : add dfsdm
2026-03-22 11:54:39,723 [INFO] IPUIPlugin:80 - create IPUIPlugin
2026-03-22 11:54:39,724 [INFO] PluginManager:220 - loadIPPluginJar : add dma
2026-03-22 11:54:39,724 [INFO] IPUIPlugin:80 - create IPUIPlugin
2026-03-22 11:54:39,725 [INFO] PluginManager:220 - loadIPPluginJar : add dma3
2026-03-22 11:54:39,726 [INFO] IPUIPlugin:80 - create IPUIPlugin
2026-03-22 11:54:39,726 [INFO] PluginManager:220 - loadIPPluginJar : add extmemmanager
2026-03-22 11:54:39,726 [INFO] IPUIPlugin:80 - create IPUIPlugin
2026-03-22 11:54:39,727 [INFO] PluginManager:220 - loadIPPluginJar : add fatfs
2026-03-22 11:54:39,729 [INFO] IPUIPlugin:80 - create IPUIPlugin
2026-03-22 11:54:39,729 [INFO] PluginManager:220 - loadIPPluginJar : add fmc
2026-03-22 11:54:39,733 [INFO] IPUIPlugin:80 - create IPUIPlugin
2026-03-22 11:54:39,734 [INFO] PluginManager:220 - loadIPPluginJar : add freertos
2026-03-22 11:54:39,735 [INFO] IPUIPlugin:80 - create IPUIPlugin
2026-03-22 11:54:39,735 [INFO] PluginManager:220 - loadIPPluginJar : add genericplugin
2026-03-22 11:54:39,736 [INFO] IPUIPlugin:80 - create IPUIPlugin
2026-03-22 11:54:39,736 [INFO] PluginManager:220 - loadIPPluginJar : add gfxmmu
2026-03-22 11:54:39,737 [INFO] IPUIPlugin:80 - create IPUIPlugin
2026-03-22 11:54:39,737 [INFO] PluginManager:220 - loadIPPluginJar : add gic
2026-03-22 11:54:39,738 [INFO] IPUIPlugin:80 - create IPUIPlugin
2026-03-22 11:54:39,738 [INFO] PluginManager:220 - loadIPPluginJar : add gpio
2026-03-22 11:54:39,740 [INFO] IPUIPlugin:80 - create IPUIPlugin
2026-03-22 11:54:39,740 [INFO] PluginManager:220 - loadIPPluginJar : add gtzc
2026-03-22 11:54:39,741 [INFO] IPUIPlugin:80 - create IPUIPlugin
2026-03-22 11:54:39,741 [INFO] PluginManager:220 - loadIPPluginJar : add hash
2026-03-22 11:54:39,743 [INFO] IPUIPlugin:80 - create IPUIPlugin
2026-03-22 11:54:39,743 [INFO] PluginManager:220 - loadIPPluginJar : add i2c
2026-03-22 11:54:39,744 [INFO] IPUIPlugin:80 - create IPUIPlugin
2026-03-22 11:54:39,744 [INFO] PluginManager:220 - loadIPPluginJar : add i2s
2026-03-22 11:54:39,745 [INFO] IPUIPlugin:80 - create IPUIPlugin
2026-03-22 11:54:39,745 [INFO] PluginManager:220 - loadIPPluginJar : add i3c
2026-03-22 11:54:39,748 [INFO] IPUIPlugin:80 - create IPUIPlugin
2026-03-22 11:54:39,748 [INFO] PluginManager:220 - loadIPPluginJar : add ipddr
2026-03-22 11:54:39,749 [INFO] IPUIPlugin:80 - create IPUIPlugin
2026-03-22 11:54:39,749 [INFO] PluginManager:220 - loadIPPluginJar : add linkedlist
2026-03-22 11:54:39,752 [INFO] IPUIPlugin:80 - create IPUIPlugin
2026-03-22 11:54:39,752 [INFO] PluginManager:220 - loadIPPluginJar : add lorawan
2026-03-22 11:54:39,753 [INFO] IPUIPlugin:80 - create IPUIPlugin
2026-03-22 11:54:39,753 [INFO] PluginManager:220 - loadIPPluginJar : add ltdc
2026-03-22 11:54:39,755 [INFO] IPUIPlugin:80 - create IPUIPlugin
2026-03-22 11:54:39,755 [INFO] PluginManager:220 - loadIPPluginJar : add mdma
2026-03-22 11:54:39,758 [INFO] IPUIPlugin:80 - create IPUIPlugin
2026-03-22 11:54:39,758 [INFO] PluginManager:220 - loadIPPluginJar : add nvic
2026-03-22 11:54:39,759 [INFO] IPUIPlugin:80 - create IPUIPlugin
2026-03-22 11:54:39,759 [INFO] PluginManager:220 - loadIPPluginJar : add opamp
2026-03-22 11:54:39,761 [INFO] IPUIPlugin:80 - create IPUIPlugin
2026-03-22 11:54:39,761 [INFO] PluginManager:220 - loadIPPluginJar : add openamp
2026-03-22 11:54:39,762 [INFO] IPUIPlugin:80 - create IPUIPlugin
2026-03-22 11:54:39,762 [INFO] PluginManager:220 - loadIPPluginJar : add pdm2pcm
2026-03-22 11:54:39,763 [INFO] IPUIPlugin:80 - create IPUIPlugin
2026-03-22 11:54:39,767 [INFO] PluginManager:220 - loadIPPluginJar : add plateformsettings
2026-03-22 11:54:39,767 [INFO] IPUIPlugin:80 - create IPUIPlugin
2026-03-22 11:54:39,768 [INFO] PluginManager:220 - loadIPPluginJar : add quadspi
2026-03-22 11:54:39,769 [INFO] IPUIPlugin:80 - create IPUIPlugin
2026-03-22 11:54:39,769 [INFO] PluginManager:220 - loadIPPluginJar : add radio
2026-03-22 11:54:39,771 [INFO] IPUIPlugin:80 - create IPUIPlugin
2026-03-22 11:54:39,771 [INFO] PluginManager:220 - loadIPPluginJar : add resmgrutility
2026-03-22 11:54:39,772 [INFO] IPUIPlugin:80 - create IPUIPlugin
2026-03-22 11:54:39,772 [INFO] PluginManager:220 - loadIPPluginJar : add sai
2026-03-22 11:54:39,774 [INFO] IPUIPlugin:80 - create IPUIPlugin
2026-03-22 11:54:39,774 [INFO] PluginManager:220 - loadIPPluginJar : add spi
2026-03-22 11:54:39,775 [INFO] IPUIPlugin:80 - create IPUIPlugin
2026-03-22 11:54:39,775 [INFO] PluginManager:220 - loadIPPluginJar : add stm32_wpan
2026-03-22 11:54:39,776 [INFO] IPUIPlugin:80 - create IPUIPlugin
2026-03-22 11:54:39,776 [INFO] PluginManager:220 - loadIPPluginJar : add tim
2026-03-22 11:54:39,777 [INFO] IPUIPlugin:80 - create IPUIPlugin
2026-03-22 11:54:39,777 [INFO] PluginManager:220 - loadIPPluginJar : add touchsensing
2026-03-22 11:54:39,778 [INFO] IPUIPlugin:80 - create IPUIPlugin
2026-03-22 11:54:39,778 [INFO] PluginManager:220 - loadIPPluginJar : add tracer_emb
2026-03-22 11:54:39,779 [INFO] IPUIPlugin:80 - create IPUIPlugin
2026-03-22 11:54:39,779 [INFO] PluginManager:220 - loadIPPluginJar : add ts
2026-03-22 11:54:39,780 [INFO] IPUIPlugin:80 - create IPUIPlugin
2026-03-22 11:54:39,780 [INFO] PluginManager:220 - loadIPPluginJar : add tsc
2026-03-22 11:54:39,780 [INFO] IPUIPlugin:80 - create IPUIPlugin
2026-03-22 11:54:39,780 [INFO] PluginManager:220 - loadIPPluginJar : add ucpd
2026-03-22 11:54:39,781 [INFO] IPUIPlugin:80 - create IPUIPlugin
2026-03-22 11:54:39,781 [INFO] PluginManager:220 - loadIPPluginJar : add usart
2026-03-22 11:54:39,782 [INFO] IPUIPlugin:80 - create IPUIPlugin
2026-03-22 11:54:39,783 [INFO] PluginManager:220 - loadIPPluginJar : add usbx
2026-03-22 11:54:39,893 [FATAL] Updater:351 - Updater called before beeing initialized
2026-03-22 11:54:39,906 [INFO] RulesReader:64 - Compatibility file has been processed (297 Rules)
2026-03-22 11:54:39,911 [INFO] RulesReader:64 - Compatibility file has been processed (297 Rules)
2026-03-22 11:54:39,917 [INFO] CADModel:165 - CPN selected for project level
2026-03-22 11:54:39,917 [INFO] CADModel:114 - Register for checkConnection events
2026-03-22 11:54:39,917 [FATAL] Updater:351 - Updater called before beeing initialized
2026-03-22 11:54:39,917 [ERROR] CADModel:125 - Updater not yet initialized, retry later 
2026-03-22 11:54:40,015 [FATAL] Updater:351 - Updater called before beeing initialized
2026-03-22 11:54:40,016 [INFO] CADModel:165 - CPN selected for project level
2026-03-22 11:54:40,016 [INFO] CADModel:114 - Register for checkConnection events
2026-03-22 11:54:40,016 [FATAL] Updater:351 - Updater called before beeing initialized
2026-03-22 11:54:40,016 [ERROR] CADModel:125 - Updater not yet initialized, retry later 
2026-03-22 11:54:40,017 [FATAL] Updater:351 - Updater called before beeing initialized
2026-03-22 11:54:40,080 [FATAL] Updater:351 - Updater called before beeing initialized
2026-03-22 11:54:40,083 [INFO] DbMcusAds:53 - JSON generation date=Thu Mar 05 23:32:53 JST 2026 (1772721173054)
2026-03-22 11:54:40,083 [FATAL] Updater:351 - Updater called before beeing initialized
2026-03-22 11:54:40,107 [WARN] DetailPanel:346 - Failed to get advertising image, set to default
2026-03-22 11:54:40,240 [FATAL] Updater:351 - Updater called before beeing initialized
2026-03-22 11:54:40,241 [FATAL] Updater:351 - Updater called before beeing initialized
2026-03-22 11:54:40,241 [FATAL] Updater:351 - Updater called before beeing initialized
2026-03-22 11:54:40,242 [WARN] DetailPanel:346 - Failed to get advertising image, set to default
2026-03-22 11:54:40,242 [FATAL] Updater:351 - Updater called before beeing initialized
2026-03-22 11:54:40,270 [ERROR] Updater:1198 - MainUpdater not yet initialized. External WinMGr cannot be set.
2026-03-22 11:54:40,271 [INFO] Updater:1134 - Updater Version found : 6.13.0
2026-03-22 11:54:40,274 [INFO] ApplicationProperties:184 - Using Application install path: C:\ST\STM32CubeIDE_1.17.0\STM32CubeIDE\plugins\com.st.stm32cube.common.mx_6.13.0.202411220809
2026-03-22 11:54:41,834 [ERROR] LogOutputStream:75 - [STDERR_REDIRECT] Mar 22, 2026 11:54:41 AM java.util.prefs.WindowsPreferences <init>
2026-03-22 11:54:41,835 [ERROR] LogOutputStream:75 - [STDERR_REDIRECT] WARNING: Could not open/create prefs root node Software\JavaSoft\Prefs at root 0xffffffff80000002. Windows RegCreateKeyEx(...) returned error code 5.
2026-03-22 11:54:41,835 [ERROR] LogOutputStream:75 - [STDERR_REDIRECT] 
2026-03-22 11:54:42,128 [INFO] MainUpdater:2872 - connection check result : 10
2026-03-22 11:54:42,128 [INFO] MainUpdater:289 - Updater Check For Update Now.
2026-03-22 11:54:42,128 [INFO] MicroXplorer:498 - Change Database Version : DB.6.0.130
2026-03-22 11:54:42,130 [INFO] McuFinderGlobals:63 - Set McuFinder mode to 2 (CubeIDE integrated)
2026-03-22 11:54:42,130 [INFO] UserAuth:486 - Internet connection configuration mode: 1
2026-03-22 11:54:42,147 [INFO] JxBrowserEngine:152 - Initiate JxBrowser Engine with user profile folder
2026-03-22 11:54:42,282 [INFO] CheckServerUpdateThread:120 - End of CheckServer Thread
2026-03-22 11:54:42,618 [INFO] WebApp:168 - Instantiating new browser for Auth
2026-03-22 11:54:42,678 [WARN] PackLoader:240 - Cannot read IP mode file for STMicroelectronics.X-CUBE-AZRTOS-H7.3.5.0
2026-03-22 11:54:42,687 [WARN] PackLoader:240 - Cannot read IP mode file for STMicroelectronics.FP-ATR-ASTRA1.2.0.2
2026-03-22 11:54:42,698 [WARN] PackLoader:240 - Cannot read IP mode file for STMicroelectronics.X-CUBE-SMBUS.2.1.0
2026-03-22 11:54:42,708 [WARN] PackLoader:240 - Cannot read IP mode file for STMicroelectronics.X-CUBE-AZRTOS-F7.1.1.0
2026-03-22 11:54:42,713 [ERROR] Engine:466 - C:\Users\RuKuM\.stm32cubemx\thirdparties\pdsc\STMicroelectronics.FP-SNS-MOTENV1.5.1.0.pdsc: PDSC version is not supported
2026-03-22 11:54:42,717 [ERROR] Engine:466 - C:\Users\RuKuM\.stm32cubemx\thirdparties\pdsc\WES.I-CUBE-Cesium.1.4.0.pdsc: PDSC version is not supported
2026-03-22 11:54:42,722 [WARN] PackLoader:240 - Cannot read IP mode file for STMicroelectronics.X-CUBE-DISPLAY.3.0.0
2026-03-22 11:54:42,726 [ERROR] Engine:466 - C:\Users\RuKuM\.stm32cubemx\thirdparties\pdsc\STMicroelectronics.FP-SNS-MOTENVWB1.1.5.0.pdsc: PDSC version is not supported
2026-03-22 11:54:42,734 [WARN] PackLoader:240 - Cannot read IP mode file for STMicroelectronics.X-CUBE-NFC10.1.0.0
2026-03-22 11:54:42,738 [WARN] PackLoader:240 - Cannot read IP mode file for STMicroelectronics.X-CUBE-ST60.1.1.0
2026-03-22 11:54:42,742 [WARN] PackLoader:240 - Cannot read IP mode file for emotas.I-CUBE-CANOPEN.1.3.0
2026-03-22 11:54:42,745 [WARN] PackLoader:240 - Cannot read IP mode file for STMicroelectronics.X-CUBE-GNSS1.7.1.0
2026-03-22 11:54:42,747 [ERROR] Engine:466 - C:\Users\RuKuM\.stm32cubemx\thirdparties\pdsc\STMicroelectronics.FP-SNS-STBOX1.2.1.0.pdsc: PDSC version is not supported
2026-03-22 11:54:42,749 [WARN] PackLoader:240 - Cannot read IP mode file for STMicroelectronics.FP-SNS-SMARTAG2.1.2.0
2026-03-22 11:54:42,751 [WARN] PackLoader:240 - Cannot read IP mode file for STMicroelectronics.FP-SNS-FLIGHT1.5.1.0
2026-03-22 11:54:42,756 [INFO] LogOutputStream:77 - [STDOUT_REDIRECT] 1 : Invalid condition id : UX_CORESTACK_Condition cause : null
2026-03-22 11:54:42,757 [INFO] LogOutputStream:77 - [STDOUT_REDIRECT] 1 : Invalid condition id : UX_CORESTACK_Condition cause : null
2026-03-22 11:54:42,758 [INFO] LogOutputStream:77 - [STDOUT_REDIRECT] 1 : Invalid condition id : UX_CORESTACK_Condition cause : null
2026-03-22 11:54:42,758 [INFO] LogOutputStream:77 - [STDOUT_REDIRECT] 1 : Invalid condition id : UX_CORESTACK_Condition cause : null
2026-03-22 11:54:42,759 [INFO] LogOutputStream:77 - [STDOUT_REDIRECT] 1 : Invalid condition id : UX_CORESTACK_Condition cause : null
2026-03-22 11:54:42,760 [WARN] PackLoader:240 - Cannot read IP mode file for STMicroelectronics.X-CUBE-AZRTOS-WL.2.0.0
2026-03-22 11:54:42,769 [WARN] PackLoader:240 - Cannot read IP mode file for STMicroelectronics.X-CUBE-AZRTOS-H7RS.1.2.0
2026-03-22 11:54:42,773 [WARN] PackLoader:240 - Cannot read IP mode file for STMicroelectronics.X-CUBE-BLE2.3.3.0
2026-03-22 11:54:42,782 [WARN] PackLoader:240 - Cannot read IP mode file for Infineon.AIROC-Wi-Fi-Bluetooth-STM32.1.8.0
2026-03-22 11:54:42,786 [WARN] PackLoader:240 - Cannot read IP mode file for STMicroelectronics.X-CUBE-NFC9.1.0.0
2026-03-22 11:54:42,789 [WARN] PackLoader:240 - Cannot read IP mode file for STMicroelectronics.X-CUBE-BLE1.7.1.0
2026-03-22 11:54:42,791 [WARN] PackLoader:240 - Cannot read IP mode file for wolfSSL.I-CUBE-wolfMQTT.1.19.2
2026-03-22 11:54:42,794 [WARN] PackLoader:240 - Cannot read IP mode file for STMicroelectronics.X-CUBE-EEPRMA1.5.2.0
2026-03-22 11:54:42,796 [WARN] PackLoader:240 - Cannot read IP mode file for wolfSSL.I-CUBE-wolfSSL.5.8.4
2026-03-22 11:54:42,799 [WARN] PackLoader:240 - Cannot read IP mode file for Cesanta.I-CUBE-Mongoose.7.20.0
2026-03-22 11:54:42,827 [WARN] PackLoader:240 - Cannot read IP mode file for STMicroelectronics.X-CUBE-MEMS1.12.0.0
2026-03-22 11:54:42,859 [WARN] PackLoader:240 - Cannot read IP mode file for STMicroelectronics.X-CUBE-AZRTOS-G0.1.1.0
2026-03-22 11:54:42,863 [WARN] PackLoader:240 - Cannot read IP mode file for STMicroelectronics.X-CUBE-NFC4.3.0.0
2026-03-22 11:54:42,866 [WARN] PackLoader:240 - Cannot read IP mode file for EmbeddedOffice.I-CUBE-FS-RTOS.1.0.1
2026-03-22 11:54:42,868 [WARN] PackLoader:240 - Cannot read IP mode file for STMicroelectronics.X-CUBE-WB05N.2.0.0
2026-03-22 11:54:42,871 [WARN] PackLoader:240 - Cannot read IP mode file for wolfSSL.I-CUBE-wolfTPM.3.8.0
2026-03-22 11:54:42,873 [WARN] PackLoader:240 - Cannot read IP mode file for STMicroelectronics.X-CUBE-TCPP.4.2.0
2026-03-22 11:54:42,876 [WARN] PackLoader:240 - Cannot read IP mode file for RealThread.X-CUBE-RT-Thread_Nano.4.1.1
2026-03-22 11:54:42,877 [WARN] PackLoader:240 - Cannot read IP mode file for STMicroelectronics.FP-ATR-SIGFOX1.3.2.0
2026-03-22 11:54:42,878 [ERROR] Engine:466 - C:\Users\RuKuM\.stm32cubemx\thirdparties\pdsc\STMicroelectronics.X-CUBE-FREERTOS.1.5.0.pdsc: PDSC version is not supported
2026-03-22 11:54:42,880 [WARN] PackLoader:240 - Cannot read IP mode file for ITTIA_DB.I-CUBE-ITTIADB.8.9.0
2026-03-22 11:54:42,884 [WARN] PackLoader:240 - Cannot read IP mode file for STMicroelectronics.X-CUBE-NFC6.3.2.0
2026-03-22 11:54:42,886 [WARN] PackLoader:240 - Cannot read IP mode file for STMicroelectronics.X-CUBE-AI.10.2.0
2026-03-22 11:54:42,896 [WARN] PackLoader:240 - Cannot read IP mode file for SEGGER.I-CUBE-embOS.1.3.1
2026-03-22 11:54:42,921 [WARN] PackLoader:240 - Cannot read IP mode file for STMicroelectronics.X-CUBE-ALGOBUILD.1.4.0
2026-03-22 11:54:42,925 [WARN] PackLoader:240 - Cannot read IP mode file for STMicroelectronics.X-CUBE-PM33A1.1.0.0
2026-03-22 11:54:42,932 [WARN] PackLoader:240 - Cannot read IP mode file for STMicroelectronics.X-CUBE-AZRTOS-F4.1.1.0
2026-03-22 11:54:42,935 [WARN] PackLoader:240 - Cannot read IP mode file for STMicroelectronics.X-CUBE-ISPU.2.1.0
2026-03-22 11:54:42,938 [ERROR] Engine:466 - C:\Users\RuKuM\.stm32cubemx\thirdparties\pdsc\STMicroelectronics.X-CUBE-IPS.3.2.0.pdsc: PDSC version is not supported
2026-03-22 11:54:42,941 [WARN] PackLoader:240 - Cannot read IP mode file for STMicroelectronics.X-CUBE-NFC12.1.0.0
2026-03-22 11:54:42,960 [WARN] PackLoader:240 - Cannot read IP mode file for STMicroelectronics.X-CUBE-AZRTOS-L5.2.0.0
2026-03-22 11:54:42,968 [WARN] PackLoader:240 - Cannot read IP mode file for STMicroelectronics.X-CUBE-TOUCHGFX.4.26.1
2026-03-22 11:54:42,971 [WARN] PackLoader:240 - Cannot read IP mode file for STMicroelectronics.FP-SNS-STAIOTCFT.1.0.0
2026-03-22 11:54:42,973 [WARN] PackLoader:240 - Cannot read IP mode file for STMicroelectronics.X-CUBE-DPower.1.3.0
2026-03-22 11:54:42,982 [WARN] ConditionMgr:438 - getConditionDescription Invalid condition id : LAN8742 Phy interface Condition cause : null
2026-03-22 11:54:42,982 [WARN] PackLoader:240 - Cannot read IP mode file for STMicroelectronics.X-CUBE-AZRTOS-L4.2.0.0
2026-03-22 11:54:42,983 [WARN] ConditionMgr:1044 - genDependencies : Invalid condition id : LAN8742 Phy interface Condition cause : null
2026-03-22 11:54:42,983 [WARN] ConditionMgr:1044 - genDependencies : Invalid condition id : LAN8742 Phy interface Condition cause : null
2026-03-22 11:54:42,983 [WARN] ConditionMgr:1044 - genDependencies : Invalid condition id : LAN8742 Phy interface Condition cause : null
2026-03-22 11:54:42,987 [WARN] PackLoader:240 - Cannot read IP mode file for STMicroelectronics.X-CUBE-SFXS2LP1.4.0.0
2026-03-22 11:54:42,988 [ERROR] Engine:466 - C:\Users\RuKuM\.stm32cubemx\thirdparties\pdsc\STMicroelectronics.X-CUBE-ST67W61.1.2.0.pdsc: PDSC version is not supported
2026-03-22 11:54:42,992 [WARN] PackLoader:240 - Cannot read IP mode file for STMicroelectronics.X-CUBE-BLEMGR.4.1.0
2026-03-22 11:54:42,998 [WARN] ConditionMgr:438 - getConditionDescription Invalid condition id : UX DEVICE CLASS RTOS Condition cause : null
2026-03-22 11:54:42,998 [WARN] ConditionMgr:438 - getConditionDescription Invalid condition id : UX DEVICE CLASS RTOS Condition cause : null
2026-03-22 11:54:42,999 [WARN] PackLoader:240 - Cannot read IP mode file for STMicroelectronics.X-CUBE-AZRTOS-WB.2.0.0
2026-03-22 11:54:42,999 [WARN] ConditionMgr:1044 - genDependencies : Invalid condition id : UX DEVICE CLASS RTOS Condition cause : null
2026-03-22 11:54:42,999 [WARN] ConditionMgr:1044 - genDependencies : Invalid condition id : UX DEVICE CLASS RTOS Condition cause : null
2026-03-22 11:54:42,999 [WARN] ConditionMgr:1044 - genDependencies : Invalid condition id : UX DEVICE CLASS RTOS Condition cause : null
2026-03-22 11:54:42,999 [WARN] ConditionMgr:1044 - genDependencies : Invalid condition id : UX DEVICE CLASS RTOS Condition cause : null
2026-03-22 11:54:42,999 [WARN] ConditionMgr:1044 - genDependencies : Invalid condition id : UX DEVICE CLASS RTOS Condition cause : null
2026-03-22 11:54:43,002 [WARN] ConditionMgr:438 - getConditionDescription Invalid condition id : Cortex-A Device cause : null
2026-03-22 11:54:43,010 [WARN] ConditionMgr:1044 - genDependencies : Invalid condition id : Cortex-A Device cause : null
2026-03-22 11:54:43,010 [WARN] ConditionMgr:1044 - genDependencies : Invalid condition id : Cortex-A Device cause : null
2026-03-22 11:54:43,010 [WARN] ConditionMgr:1044 - genDependencies : Invalid condition id : Cortex-A Device cause : null
2026-03-22 11:54:43,013 [WARN] PackLoader:240 - Cannot read IP mode file for STMicroelectronics.X-CUBE-STSE01.2.0.0
2026-03-22 11:54:43,016 [WARN] PackLoader:240 - Cannot read IP mode file for STMicroelectronics.X-CUBE-SUBG2.5.0.0
2026-03-22 11:54:43,022 [WARN] PackLoader:240 - Cannot read IP mode file for STMicroelectronics.X-CUBE-AZRTOS-G4.2.0.0
2026-03-22 11:54:43,024 [WARN] PackLoader:240 - Cannot read IP mode file for wolfSSL.I-CUBE-wolfSSH.1.4.20
2026-03-22 11:54:43,026 [WARN] PackLoader:240 - Cannot read IP mode file for STMicroelectronics.X-CUBE-NFC7.2.0.0
2026-03-22 11:54:43,028 [WARN] PackLoader:240 - Cannot read IP mode file for STMicroelectronics.X-CUBE-ALS.1.0.2
2026-03-22 11:54:43,032 [WARN] PackLoader:240 - Cannot read IP mode file for STMicroelectronics.X-CUBE-TOF1.3.4.3
2026-03-22 11:54:43,036 [INFO] ThirdParty:978 - Integrity check success = true
2026-03-22 11:54:43,036 [INFO] IntegrityCheckThread:100 - exiting critical section [integrity check]
2026-03-22 11:54:43,036 [INFO] IntegrityCheckThread:103 - End integrity checks thread
2026-03-22 11:54:43,464 [INFO] WebApp:449 - Apply proxy settings
2026-03-22 11:54:43,464 [INFO] WebApp:534 - Chromium requires no authentication
2026-03-22 11:54:43,469 [INFO] WebApp:477 - Direct internet connection detected
2026-03-22 11:54:43,478 [INFO] WebApp:880 - Register for checkConnection events
2026-03-22 11:54:43,478 [INFO] WebApp:449 - Apply proxy settings
2026-03-22 11:54:43,478 [INFO] WebApp:534 - Chromium requires no authentication
2026-03-22 11:54:43,478 [INFO] WebApp:477 - Direct internet connection detected
2026-03-22 11:54:43,583 [INFO] WebApp:221 - Starting web application
2026-03-22 11:54:43,583 [INFO] WebApp:579 - Web application path used C:\ST\STM32CubeIDE_1.17.0\STM32CubeIDE\plugins\com.st.stm32cube.common.mx_6.13.0.202411220809\db\plugins\mcufinder\reactClient1\index.html
2026-03-22 11:54:43,620 [INFO] UserAuth:486 - Internet connection configuration mode: 1
2026-03-22 11:54:43,651 [ERROR] LogOutputStream:75 - [STDERR_REDIRECT] [Fatal Error] :1:1: Premature end of file.
2026-03-22 11:54:43,651 [ERROR] LogOutputStream:75 - [STDERR_REDIRECT] 
2026-03-22 11:54:43,967 [INFO] WebApp:187 - Connection restablished
2026-03-22 11:54:44,644 [ERROR] LogOutputStream:75 - [STDERR_REDIRECT] [Fatal Error] :1:1: Premature end of file.
2026-03-22 11:54:44,645 [ERROR] LogOutputStream:75 - [STDERR_REDIRECT] 
2026-03-22 11:54:45,643 [ERROR] LogOutputStream:75 - [STDERR_REDIRECT] [Fatal Error] :1:1: Premature end of file.
2026-03-22 11:54:45,643 [ERROR] LogOutputStream:75 - [STDERR_REDIRECT] 
2026-03-22 11:54:46,645 [ERROR] LogOutputStream:75 - [STDERR_REDIRECT] [Fatal Error] :1:1: Premature end of file.
2026-03-22 11:54:46,645 [ERROR] LogOutputStream:75 - [STDERR_REDIRECT] 
2026-03-22 11:54:47,643 [ERROR] LogOutputStream:75 - [STDERR_REDIRECT] [Fatal Error] :1:1: Premature end of file.
2026-03-22 11:54:47,643 [ERROR] LogOutputStream:75 - [STDERR_REDIRECT] 
2026-03-22 11:54:48,644 [ERROR] LogOutputStream:75 - [STDERR_REDIRECT] [Fatal Error] :1:1: Premature end of file.
2026-03-22 11:54:48,644 [ERROR] LogOutputStream:75 - [STDERR_REDIRECT] 
2026-03-22 11:54:49,645 [ERROR] LogOutputStream:75 - [STDERR_REDIRECT] [Fatal Error] :1:1: Premature end of file.
2026-03-22 11:54:49,646 [ERROR] LogOutputStream:75 - [STDERR_REDIRECT] 
2026-03-22 11:54:50,644 [ERROR] LogOutputStream:75 - [STDERR_REDIRECT] [Fatal Error] :1:1: Premature end of file.
2026-03-22 11:54:50,644 [ERROR] LogOutputStream:75 - [STDERR_REDIRECT] 
2026-03-22 11:54:51,645 [ERROR] LogOutputStream:75 - [STDERR_REDIRECT] [Fatal Error] :1:1: Premature end of file.
2026-03-22 11:54:51,645 [ERROR] LogOutputStream:75 - [STDERR_REDIRECT] 
2026-03-22 11:54:52,645 [ERROR] LogOutputStream:75 - [STDERR_REDIRECT] [Fatal Error] :1:1: Premature end of file.
2026-03-22 11:54:52,645 [ERROR] LogOutputStream:75 - [STDERR_REDIRECT] 
2026-03-22 11:54:53,645 [ERROR] LogOutputStream:75 - [STDERR_REDIRECT] [Fatal Error] :1:1: Premature end of file.
2026-03-22 11:54:53,645 [ERROR] LogOutputStream:75 - [STDERR_REDIRECT] 
2026-03-22 11:54:54,651 [ERROR] LogOutputStream:75 - [STDERR_REDIRECT] [Fatal Error] :1:1: Premature end of file.
2026-03-22 11:54:54,652 [ERROR] LogOutputStream:75 - [STDERR_REDIRECT] 
2026-03-22 11:54:54,850 [ERROR] LogOutputStream:75 - [STDERR_REDIRECT] 
